<?xml version="1.0" encoding="UTF-8"?>
<!-- Generated by org.testng.reporters.JUnitReportReporter -->
<testsuite hostname="TYSS-TR-0011" name="com.RestAssuredAutomation.test.CRUDoperations" tests="1" failures="0" timestamp="5 Jul 2018 10:59:57 GMT" time="1.356" errors="0">
  <testcase name="deleteTest" time="1.356" classname="com.RestAssuredAutomation.test.CRUDoperations"/>
</testsuite> <!-- com.RestAssuredAutomation.test.CRUDoperations -->
